Arguments: 
  C:\Program Files\nodejs\node.exe C:\Users\sagarika\AppData\Roaming\npm\node_modules\yarn\bin\yarn.js init

PATH: 
  C:\Users\sagarika\bin;C:\Program Files\Git\mingw64\bin;C:\Program Files\Git\usr\local\bin;C:\Program Files\Git\usr\bin;C:\Program Files\Git\usr\bin;C:\Program Files\Git\mingw64\bin;C:\Program Files\Git\usr\bin;C:\Users\sagarika\bin;C:\windows\system32;C:\windows;C:\windows\System32\Wbem;C:\windows\System32\WindowsPowerShell\v1.0;C:\windows\System32\OpenSSH;C:\Program Files (x86)\NVIDIA Corporation\PhysX\Common;C:\Program Files\NVIDIA Corporation\NVIDIA NvDLISR;C:\WINDOWS\system32;C:\WINDOWS;C:\WINDOWS\System32\Wbem;C:\WINDOWS\System32\WindowsPowerShell\v1.0;C:\WINDOWS\System32\OpenSSH;C:\Program Files\nodejs;C:\Program Files\Redis;C:\Program Files\PuTTY;C:\Program Files\Git\cmd;C:\Users\sagarika\AppData\Local\Microsoft\WindowsApps;C:\Users\sagarika\AppData\Local\Programs\Microsoft VS Code\bin;C:\Users\sagarika\AppData\Local\GitHubDesktop\bin;C:\Users\sagarika\AppData\Roaming\npm;C:\Program Files\MongoDB\Server\5.0\bin;C:\Program Files\Git\usr\bin\vendor_perl;C:\Program Files\Git\usr\bin\core_perl

Yarn version: 
  1.22.18

Node version: 
  16.14.0

Platform: 
  win32 x64

Trace: 
  Error: Can't answer a question unless a user TTY
      at ConsoleReporter.question (C:\Users\sagarika\AppData\Roaming\npm\node_modules\yarn\lib\cli.js:92857:59)
      at Object.<anonymous> (C:\Users\sagarika\AppData\Roaming\npm\node_modules\yarn\lib\cli.js:85047:38)
      at Generator.next (<anonymous>)
      at step (C:\Users\sagarika\AppData\Roaming\npm\node_modules\yarn\lib\cli.js:310:30)
      at C:\Users\sagarika\AppData\Roaming\npm\node_modules\yarn\lib\cli.js:321:13

npm manifest: 
  No manifest

yarn manifest: 
  No manifest

Lockfile: 
  No lockfile
